('Processing photo', '/tmp/timelapse/./2019/tl_922175042.jpg')
{u'FaceDetails': [{u'AgeRange': {u'High': 47, u'Low': 31},
                   u'Beard': {u'Confidence': 91.35409545898438,
                              u'Value': False},
                   u'BoundingBox': {u'Height': 0.13675692677497864,
                                    u'Left': 0.22096577286720276,
                                    u'Top': 0.1798548400402069,
                                    u'Width': 0.053279317915439606},
                   u'Confidence': 99.9998779296875,
                   u'Emotions': [{u'Confidence': 0.5879552364349365,
                                  u'Type': u'ANGRY'},
                                 {u'Confidence': 2.4265737533569336,
                                  u'Type': u'SAD'},
                                 {u'Confidence': 83.56230926513672,
                                  u'Type': u'CALM'},
                                 {u'Confidence': 0.1853058636188507,
                                  u'Type': u'HAPPY'},
                                 {u'Confidence': 0.16912025213241577,
                                  u'Type': u'DISGUSTED'},
                                 {u'Confidence': 0.21648672223091125,
                                  u'Type': u'FEAR'},
                                 {u'Confidence': 12.665770530700684,
                                  u'Type': u'CONFUSED'},
                                 {u'Confidence': 0.1864701211452484,
                                  u'Type': u'SURPRISED'}],
                   u'Eyeglasses': {u'Confidence': 97.96979522705078,
                                   u'Value': False},
                   u'EyesOpen': {u'Confidence': 99.82711791992188,
                                 u'Value': True},
                   u'Gender': {u'Confidence': 97.5454330444336,
                               u'Value': u'Male'},
                   u'Landmarks': [{u'Type': u'eyeLeft',
                                   u'X': 0.23621316254138947,
                                   u'Y': 0.23541545867919922},
                                  {u'Type': u'eyeRight',
                                   u'X': 0.2608446478843689,
                                   u'Y': 0.23105967044830322},
                                  {u'Type': u'mouthLeft',
                                   u'X': 0.2409939020872116,
                                   u'Y': 0.28253570199012756},
                                  {u'Type': u'mouthRight',
                                   u'X': 0.26133671402931213,
                                   u'Y': 0.27903929352760315},
                                  {u'Type': u'nose',
                                   u'X': 0.2487969994544983,
                                   u'Y': 0.2568259835243225},
                                  {u'Type': u'leftEyeBrowLeft',
                                   u'X': 0.22632618248462677,
                                   u'Y': 0.22680620849132538},
                                  {u'Type': u'leftEyeBrowRight',
                                   u'X': 0.24002520740032196,
                                   u'Y': 0.2198149859905243},
                                  {u'Type': u'leftEyeBrowUp',
                                   u'X': 0.2328437864780426,
                                   u'Y': 0.21910881996154785},
                                  {u'Type': u'rightEyeBrowLeft',
                                   u'X': 0.25453662872314453,
                                   u'Y': 0.21721848845481873},
                                  {u'Type': u'rightEyeBrowRight',
                                   u'X': 0.2703475058078766,
                                   u'Y': 0.21900063753128052},
                                  {u'Type': u'rightEyeBrowUp',
                                   u'X': 0.2619943618774414,
                                   u'Y': 0.2137814462184906},
                                  {u'Type': u'leftEyeLeft',
                                   u'X': 0.23202578723430634,
                                   u'Y': 0.23609893023967743},
                                  {u'Type': u'leftEyeRight',
                                   u'X': 0.2409980446100235,
                                   u'Y': 0.23491518199443817},
                                  {u'Type': u'leftEyeUp',
                                   u'X': 0.23595649003982544,
                                   u'Y': 0.23299263417720795},
                                  {u'Type': u'leftEyeDown',
                                   u'X': 0.23639827966690063,
                                   u'Y': 0.23731082677841187},
                                  {u'Type': u'rightEyeLeft',
                                   u'X': 0.25565606355667114,
                                   u'Y': 0.23229804635047913},
                                  {u'Type': u'rightEyeRight',
                                   u'X': 0.26485174894332886,
                                   u'Y': 0.23026853799819946},
                                  {u'Type': u'rightEyeUp',
                                   u'X': 0.2603030502796173,
                                   u'Y': 0.2286687046289444},
                                  {u'Type': u'rightEyeDown',
                                   u'X': 0.26039668917655945,
                                   u'Y': 0.23305906355381012},
                                  {u'Type': u'noseLeft',
                                   u'X': 0.24506640434265137,
                                   u'Y': 0.26415005326271057},
                                  {u'Type': u'noseRight',
                                   u'X': 0.2542034089565277,
                                   u'Y': 0.2622343897819519},
                                  {u'Type': u'mouthUp',
                                   u'X': 0.25012919306755066,
                                   u'Y': 0.27416470646858215},
                                  {u'Type': u'mouthDown',
                                   u'X': 0.251054584980011,
                                   u'Y': 0.288482129573822},
                                  {u'Type': u'leftPupil',
                                   u'X': 0.23621316254138947,
                                   u'Y': 0.23541545867919922},
                                  {u'Type': u'rightPupil',
                                   u'X': 0.2608446478843689,
                                   u'Y': 0.23105967044830322},
                                  {u'Type': u'upperJawlineLeft',
                                   u'X': 0.22265012562274933,
                                   u'Y': 0.2418685108423233},
                                  {u'Type': u'midJawlineLeft',
                                   u'X': 0.23065759241580963,
                                   u'Y': 0.2913735806941986},
                                  {u'Type': u'chinBottom',
                                   u'X': 0.25293612480163574,
                                   u'Y': 0.3136186897754669},
                                  {u'Type': u'midJawlineRight',
                                   u'X': 0.27496370673179626,
                                   u'Y': 0.2833798825740814},
                                  {u'Type': u'upperJawlineRight',
                                   u'X': 0.27782443165779114,
                                   u'Y': 0.2319110631942749}],
                   u'MouthOpen': {u'Confidence': 99.38500213623047,
                                  u'Value': False},
                   u'Mustache': {u'Confidence': 99.02214050292969,
                                 u'Value': False},
                   u'Pose': {u'Pitch': 6.410450458526611,
                             u'Roll': -7.9275431632995605,
                             u'Yaw': -16.48826789855957},
                   u'Quality': {u'Brightness': 58.12461471557617,
                                u'Sharpness': 78.64350128173828},
                   u'Smile': {u'Confidence': 99.51179504394531,
                              u'Value': False},
                   u'Sunglasses': {u'Confidence': 99.19666290283203,
                                   u'Value': False}}],
 'ResponseMetadata': {'HTTPHeaders': {'connection': 'keep-alive',
                                      'content-length': '3373',
                                      'content-type': 'application/x-amz-json-1.1',
                                      'date': 'Sun, 22 Sep 2019 16:50:56 GMT',
                                      'x-amzn-requestid': '3fd6f6d4-a9f5-4914-9350-8569d5f58149'},
                      'HTTPStatusCode': 200,
                      'RequestId': '3fd6f6d4-a9f5-4914-9350-8569d5f58149',
                      'RetryAttempts': 0}}


05:50:45 PM: /tmp/timelapse/./2019/tl_922175042.jpg: {u'Confidence': 99.82711791992188, u'Value': True} : 99.9998779297
